0 info it worked if it ends with ok
1 verbose cli [ '/usr/bin/nodejs', '/usr/bin/npm', 'install' ]
2 info using npm@3.5.2
3 info using node@v4.2.6
4 silly loadCurrentTree Starting
5 silly install loadCurrentTree
6 silly install readLocalPackageData
7 silly install normalizeTree
8 silly loadCurrentTree Finishing
9 silly loadIdealTree Starting
10 silly install loadIdealTree
11 silly cloneCurrentTree Starting
12 silly install cloneCurrentTreeToIdealTree
13 silly cloneCurrentTree Finishing
14 silly loadShrinkwrap Starting
15 silly install loadShrinkwrap
16 silly loadShrinkwrap Finishing
17 silly loadAllDepsIntoIdealTree Starting
18 silly install loadAllDepsIntoIdealTree
19 silly loadAllDepsIntoIdealTree Finishing
20 silly idealTree:prePrune services-synchro-pouch@1.0.0
20 silly idealTree:prePrune ├── @angular/core@2.0.0-rc.4
20 silly idealTree:prePrune ├─┬ @lib/autodts-generator@0.0.2
20 silly idealTree:prePrune │ └── typescript@1.6.2
20 silly idealTree:prePrune ├── @lib/autolink@0.0.2
20 silly idealTree:prePrune ├─┬ @lib/dependency-example@0.0.4
20 silly idealTree:prePrune │ ├── @lib/autolink@0.0.2
20 silly idealTree:prePrune │ ├── autodts@0.0.6
20 silly idealTree:prePrune │ ├── minimist@1.2.0
20 silly idealTree:prePrune │ └─┬ mkdirp@0.5.1
20 silly idealTree:prePrune │   └── minimist@0.0.8
20 silly idealTree:prePrune ├── autodts@0.0.6
20 silly idealTree:prePrune ├── bluebird@3.0.6
20 silly idealTree:prePrune ├── minimist@1.2.0
20 silly idealTree:prePrune ├─┬ mkdirp@0.5.1
20 silly idealTree:prePrune │ └── minimist@0.0.8
20 silly idealTree:prePrune ├── rxjs@5.0.0-beta.6
20 silly idealTree:prePrune ├── typescript@1.8.10
20 silly idealTree:prePrune └── zone.js@0.6.12
21 silly loadIdealTree Finishing
22 silly currentTree services-synchro-pouch@1.0.0
22 silly currentTree ├── @angular/core@2.0.0-rc.4
22 silly currentTree ├─┬ @lib/autodts-generator@0.0.2
22 silly currentTree │ └── typescript@1.6.2
22 silly currentTree ├── @lib/autolink@0.0.2
22 silly currentTree ├─┬ @lib/dependency-example@0.0.4
22 silly currentTree │ ├── @lib/autolink@0.0.2
22 silly currentTree │ ├── autodts@0.0.6
22 silly currentTree │ ├── minimist@1.2.0
22 silly currentTree │ └─┬ mkdirp@0.5.1
22 silly currentTree │   └── minimist@0.0.8
22 silly currentTree ├── autodts@0.0.6
22 silly currentTree ├── bluebird@3.0.6
22 silly currentTree ├── minimist@1.2.0
22 silly currentTree ├─┬ mkdirp@0.5.1
22 silly currentTree │ └── minimist@0.0.8
22 silly currentTree ├── rxjs@5.0.0-beta.6
22 silly currentTree ├── typescript@1.8.10
22 silly currentTree └── zone.js@0.6.12
23 silly idealTree services-synchro-pouch@1.0.0
23 silly idealTree ├── @angular/core@2.0.0-rc.4
23 silly idealTree ├─┬ @lib/autodts-generator@0.0.2
23 silly idealTree │ └── typescript@1.6.2
23 silly idealTree ├── @lib/autolink@0.0.2
23 silly idealTree ├─┬ @lib/dependency-example@0.0.4
23 silly idealTree │ ├── @lib/autolink@0.0.2
23 silly idealTree │ ├── autodts@0.0.6
23 silly idealTree │ ├── minimist@1.2.0
23 silly idealTree │ └─┬ mkdirp@0.5.1
23 silly idealTree │   └── minimist@0.0.8
23 silly idealTree ├── autodts@0.0.6
23 silly idealTree ├── bluebird@3.0.6
23 silly idealTree ├── minimist@1.2.0
23 silly idealTree ├─┬ mkdirp@0.5.1
23 silly idealTree │ └── minimist@0.0.8
23 silly idealTree ├── rxjs@5.0.0-beta.6
23 silly idealTree ├── typescript@1.8.10
23 silly idealTree └── zone.js@0.6.12
24 silly generateActionsToTake Starting
25 silly install generateActionsToTake
26 silly generateActionsToTake Finishing
27 silly diffTrees action count 0
28 silly decomposeActions action count 0
29 silly executeActions Starting
30 silly install executeActions
31 silly doSerial global-install 0
32 silly doParallel fetch 0
33 verbose lock using /home/renald/.npm/_locks/staging-91d05148b9a61e7a.lock for /home/renald/workspace/angularSynchro/services-synchro-pouch/node_modules/.staging
34 silly doParallel extract 0
35 silly doParallel preinstall 0
36 silly doReverseSerial remove 0
37 silly doSerial move 0
38 silly doSerial finalize 0
39 silly doSerial build 0
40 silly doSerial global-link 0
41 silly doParallel update-linked 0
42 silly doSerial install 0
43 silly doSerial postinstall 0
44 verbose unlock done using /home/renald/.npm/_locks/staging-91d05148b9a61e7a.lock for /home/renald/workspace/angularSynchro/services-synchro-pouch/node_modules/.staging
45 silly executeActions Finishing
46 silly rollbackFailedOptional Starting
47 silly rollbackFailedOptional Finishing
48 silly runTopLevelLifecycles Starting
49 silly install runTopLevelLifecycles
50 silly preinstall services-synchro-pouch@1.0.0 /home/renald/workspace/angularSynchro/services-synchro-pouch/services-synchro-pouch-48a3c26d
51 info lifecycle services-synchro-pouch@1.0.0~preinstall: services-synchro-pouch@1.0.0
52 verbose lifecycle services-synchro-pouch@1.0.0~preinstall: unsafe-perm in lifecycle true
53 verbose lifecycle services-synchro-pouch@1.0.0~preinstall: PATH: /usr/share/npm/bin/node-gyp-bin:/home/renald/workspace/angularSynchro/services-synchro-pouch/node_modules/.bin:/usr/local/sbin:/usr/local/bin:/usr/sbin:/usr/bin:/sbin:/bin:/usr/games:/usr/local/games:/opt/java/jdk1.8.0_91//bin:/opt/tools/apache-maven-3.3.9//bin
54 verbose lifecycle services-synchro-pouch@1.0.0~preinstall: CWD: /home/renald/workspace/angularSynchro/services-synchro-pouch
55 silly lifecycle services-synchro-pouch@1.0.0~preinstall: Args: [ '-c', 'npm install autodts' ]
56 silly lifecycle services-synchro-pouch@1.0.0~preinstall: Returned: code: 0  signal: null
57 silly build services-synchro-pouch@1.0.0
58 info linkStuff services-synchro-pouch@1.0.0
59 silly linkStuff services-synchro-pouch@1.0.0 has /home/renald/workspace/angularSynchro as its parent node_modules
60 verbose linkBins services-synchro-pouch@1.0.0
61 verbose linkMans services-synchro-pouch@1.0.0
62 silly install services-synchro-pouch@1.0.0 /home/renald/workspace/angularSynchro/services-synchro-pouch/services-synchro-pouch-48a3c26d
63 info lifecycle services-synchro-pouch@1.0.0~install: services-synchro-pouch@1.0.0
64 silly lifecycle services-synchro-pouch@1.0.0~install: no script for install, continuing
65 silly postinstall services-synchro-pouch@1.0.0 /home/renald/workspace/angularSynchro/services-synchro-pouch/services-synchro-pouch-48a3c26d
66 info lifecycle services-synchro-pouch@1.0.0~postinstall: services-synchro-pouch@1.0.0
67 verbose lifecycle services-synchro-pouch@1.0.0~postinstall: unsafe-perm in lifecycle true
68 verbose lifecycle services-synchro-pouch@1.0.0~postinstall: PATH: /usr/share/npm/bin/node-gyp-bin:/home/renald/workspace/angularSynchro/services-synchro-pouch/node_modules/.bin:/usr/local/sbin:/usr/local/bin:/usr/sbin:/usr/bin:/sbin:/bin:/usr/games:/usr/local/games:/opt/java/jdk1.8.0_91//bin:/opt/tools/apache-maven-3.3.9//bin
69 verbose lifecycle services-synchro-pouch@1.0.0~postinstall: CWD: /home/renald/workspace/angularSynchro/services-synchro-pouch
70 silly lifecycle services-synchro-pouch@1.0.0~postinstall: Args: [ '-c', 'autodts link' ]
71 silly lifecycle services-synchro-pouch@1.0.0~postinstall: Returned: code: 0  signal: null
72 silly prepublish services-synchro-pouch@1.0.0 /home/renald/workspace/angularSynchro/services-synchro-pouch/services-synchro-pouch-48a3c26d
73 info lifecycle services-synchro-pouch@1.0.0~prepublish: services-synchro-pouch@1.0.0
74 verbose lifecycle services-synchro-pouch@1.0.0~prepublish: unsafe-perm in lifecycle true
75 verbose lifecycle services-synchro-pouch@1.0.0~prepublish: PATH: /usr/share/npm/bin/node-gyp-bin:/home/renald/workspace/angularSynchro/services-synchro-pouch/node_modules/.bin:/usr/local/sbin:/usr/local/bin:/usr/sbin:/usr/bin:/sbin:/bin:/usr/games:/usr/local/games:/opt/java/jdk1.8.0_91//bin:/opt/tools/apache-maven-3.3.9//bin
76 verbose lifecycle services-synchro-pouch@1.0.0~prepublish: CWD: /home/renald/workspace/angularSynchro/services-synchro-pouch
77 silly lifecycle services-synchro-pouch@1.0.0~prepublish: Args: [ '-c', 'tsc && autodts generate' ]
78 silly lifecycle services-synchro-pouch@1.0.0~prepublish: Returned: code: 2  signal: null
79 info lifecycle services-synchro-pouch@1.0.0~prepublish: Failed to exec prepublish script
80 warn services-synchro-pouch@1.0.0 No repository field.
81 verbose stack Error: services-synchro-pouch@1.0.0 prepublish: `tsc && autodts generate`
81 verbose stack Exit status 2
81 verbose stack     at EventEmitter.<anonymous> (/usr/share/npm/lib/utils/lifecycle.js:232:16)
81 verbose stack     at emitTwo (events.js:87:13)
81 verbose stack     at EventEmitter.emit (events.js:172:7)
81 verbose stack     at ChildProcess.<anonymous> (/usr/share/npm/lib/utils/spawn.js:24:14)
81 verbose stack     at emitTwo (events.js:87:13)
81 verbose stack     at ChildProcess.emit (events.js:172:7)
81 verbose stack     at maybeClose (internal/child_process.js:821:16)
81 verbose stack     at Process.ChildProcess._handle.onexit (internal/child_process.js:211:5)
82 verbose pkgid services-synchro-pouch@1.0.0
83 verbose cwd /home/renald/workspace/angularSynchro/services-synchro-pouch
84 error Linux 4.4.0-31-generic
85 error argv "/usr/bin/nodejs" "/usr/bin/npm" "install"
86 error node v4.2.6
87 error npm  v3.5.2
88 error code ELIFECYCLE
89 error services-synchro-pouch@1.0.0 prepublish: `tsc && autodts generate`
89 error Exit status 2
90 error Failed at the services-synchro-pouch@1.0.0 prepublish script 'tsc && autodts generate'.
90 error Make sure you have the latest version of node.js and npm installed.
90 error If you do, this is most likely a problem with the services-synchro-pouch package,
90 error not with npm itself.
90 error Tell the author that this fails on your system:
90 error     tsc && autodts generate
90 error You can get information on how to open an issue for this project with:
90 error     npm bugs services-synchro-pouch
90 error Or if that isn't available, you can get their info via:
90 error     npm owner ls services-synchro-pouch
90 error There is likely additional logging output above.
91 verbose exit [ 1, true ]
